<?xml version="1.0" encoding="UTF-8"?>
<!-- Generated by org.testng.reporters.JUnitXMLReporter -->
<testsuite ignored="0" hostname="LCE47138" failures="0" tests="3" name="Test" time="9.516" errors="0" timestamp="2023-08-01T15:45:47 CEST">
  <testcase classname="Section11.L13_dependsOnMethods" name="clickBtn" time="3.163"/>
  <testcase classname="Section11.L13_dependsOnMethods" name="enterEmail" time="3.189"/>
  <testcase classname="Section11.L13_dependsOnMethods" name="enterPassword" time="3.115"/>
</testsuite> <!-- Test -->
