<?xml version="1.0" encoding="UTF-8"?>
<!-- Generated by org.testng.reporters.JUnitXMLReporter -->
<testsuite ignored="0" hostname="LCE47138" failures="0" tests="1" name="Test2" time="0.028" errors="0" timestamp="2023-08-03T09:54:49 CEST">
  <testcase classname="co.uk.automationtesting.mavenproject1.OrderCompleteTest" name="@BeforeTest setup" time="0.004">
    <failure type="java.lang.IllegalStateException" message="The driver executable does not exist: C:\Users\psekowsk\Desktop\JAVA projects\mavenproject1src\main\java\drivers\chromedriver.exe">
      <![CDATA[java.lang.IllegalStateException: The driver executable does not exist: C:\Users\psekowsk\Desktop\JAVA projects\mavenproject1src\main\java\drivers\chromedriver.exe
at com.google.common.base.Preconditions.checkState(Preconditions.java:518)
at org.openqa.selenium.remote.service.DriverService.checkExecutable(DriverService.java:146)
at org.openqa.selenium.remote.service.DriverService.findExecutable(DriverService.java:141)
at org.openqa.selenium.chrome.ChromeDriverService.access$000(ChromeDriverService.java:35)
at org.openqa.selenium.chrome.ChromeDriverService$Builder.findDefaultExecutable(ChromeDriverService.java:159)
at org.openqa.selenium.remote.service.DriverService$Builder.build(DriverService.java:355)
at org.openqa.selenium.chrome.ChromeDriverService.createDefaultService(ChromeDriverService.java:94)
at org.openqa.selenium.chrome.ChromeDriver.<init>(ChromeDriver.java:123)
at base.BasePage.getDriver(BasePage.java:35)
at co.uk.automationtesting.mavenproject1.OrderCompleteTest.setup(OrderCompleteTest.java:31)
... Removed 24 stack frames]]>
    </failure>
  </testcase> <!-- @BeforeTest setup -->
  <testcase classname="co.uk.automationtesting.mavenproject1.OrderCompleteTest" name="@AfterTest tearDown" time="-1.691049289797E9">
    <skipped/>
  </testcase> <!-- @AfterTest tearDown -->
  <testcase classname="co.uk.automationtesting.mavenproject1.OrderCompleteTest" name="endToEndTest" time="0.0">
    <skipped/>
  </testcase> <!-- endToEndTest -->
</testsuite> <!-- Test2 -->
