<?xml version="1.0" encoding="UTF-8"?>
<testng-results ignored="0" total="1" passed="1" failed="0" skipped="0">
  <reporter-output>
  </reporter-output>
  <suite started-at="2023-08-02T12:36:59 CEST" name="Default suite" finished-at="2023-08-02T12:37:05 CEST" duration-ms="5044">
    <groups>
    </groups>
    <test started-at="2023-08-02T12:36:59 CEST" name="Default test" finished-at="2023-08-02T12:37:05 CEST" duration-ms="5044">
      <class name="Section12.L02_Login">
        <test-method is-config="true" signature="setup()[pri:0, instance:Section12.L02_Login@1da2cb77]" started-at="2023-08-02T12:36:50 CEST" name="setup" finished-at="2023-08-02T12:36:59 CEST" duration-ms="9201" status="PASS">
          <reporter-output>
          </reporter-output>
        </test-method> <!-- setup -->
        <test-method signature="signin()[pri:0, instance:Section12.L02_Login@1da2cb77]" started-at="2023-08-02T12:37:00 CEST" name="signin" finished-at="2023-08-02T12:37:05 CEST" duration-ms="4988" status="PASS">
          <reporter-output>
          </reporter-output>
        </test-method> <!-- signin -->
      </class> <!-- Section12.L02_Login -->
    </test> <!-- Default test -->
  </suite> <!-- Default suite -->
</testng-results>
