<?xml version="1.0" encoding="UTF-8"?>
<testng-results ignored="0" total="2" passed="2" failed="0" skipped="0">
  <reporter-output>
  </reporter-output>
  <suite started-at="2023-08-03T09:46:48 CEST" name="Suite" finished-at="2023-08-03T09:47:06 CEST" duration-ms="17905">
    <groups>
    </groups>
    <test started-at="2023-08-03T09:46:48 CEST" name="Test" finished-at="2023-08-03T09:47:06 CEST" duration-ms="17905">
      <class name="Section12.L04_Login2">
        <test-method signature="signin()[pri:0, instance:Section12.L04_Login2@57d7f8ca]" started-at="2023-08-03T09:46:57 CEST" name="signin" finished-at="2023-08-03T09:47:06 CEST" duration-ms="8723" status="PASS">
          <reporter-output>
          </reporter-output>
        </test-method> <!-- signin -->
      </class> <!-- Section12.L04_Login2 -->
      <class name="Section12.L04_Login">
        <test-method signature="signin()[pri:0, instance:Section12.L04_Login@50b5ac82]" started-at="2023-08-03T09:46:48 CEST" name="signin" finished-at="2023-08-03T09:46:57 CEST" duration-ms="9119" status="PASS">
          <reporter-output>
          </reporter-output>
        </test-method> <!-- signin -->
      </class> <!-- Section12.L04_Login -->
    </test> <!-- Test -->
  </suite> <!-- Suite -->
</testng-results>
