<?xml version="1.0" encoding="UTF-8"?>
<testng-results ignored="0" total="1" passed="1" failed="0" skipped="0">
  <reporter-output>
  </reporter-output>
  <suite started-at="2023-08-02T14:52:55 CEST" name="Suite" finished-at="2023-08-02T14:52:55 CEST" duration-ms="291">
    <groups>
    </groups>
    <test started-at="2023-08-02T14:52:55 CEST" name="Test" finished-at="2023-08-02T14:52:55 CEST" duration-ms="291">
      <class name="uk.co.automationtesting.mavenproject.L07_Surefire">
        <test-method signature="testng()[pri:0, instance:uk.co.automationtesting.mavenproject.L07_Surefire@120f102b]" started-at="2023-08-02T14:52:55 CEST" name="testng" finished-at="2023-08-02T14:52:55 CEST" duration-ms="50" status="PASS">
          <reporter-output>
          </reporter-output>
        </test-method> <!-- testng -->
      </class> <!-- uk.co.automationtesting.mavenproject.L07_Surefire -->
    </test> <!-- Test -->
  </suite> <!-- Suite -->
</testng-results>
